[    62.767] 
X.Org X Server 1.21.1.3
X Protocol Version 11, Revision 0
[    62.771] Current Operating System: Linux suckless 5.15.25-1-MANJARO #1 SMP PREEMPT Wed Feb 23 14:44:03 UTC 2022 x86_64
[    62.771] Kernel command line: BOOT_IMAGE=/boot/vmlinuz-5.15-x86_64 root=UUID=c675412a-851a-47ff-9943-ee729204c7e6 rw quiet udev.log_priority=3
[    62.774]  
[    62.775] Current version of pixman: 0.40.0
[    62.778] 	Before reporting problems, check http://wiki.x.org
	to make sure that you have the latest version.
[    62.778] Markers: (--) probed, (**) from config file, (==) default setting,
	(++) from command line, (!!) notice, (II) informational,
	(WW) warning, (EE) error, (NI) not implemented, (??) unknown.
[    62.783] (==) Log file: "/home/mangal/.local/share/xorg/Xorg.1.log", Time: Tue Mar 15 17:28:50 2022
[    62.785] (==) Using config directory: "/etc/X11/xorg.conf.d"
[    62.787] (==) Using system config directory "/usr/share/X11/xorg.conf.d"
[    62.787] (==) No Layout section.  Using the first Screen section.
[    62.787] (==) No screen section available. Using defaults.
[    62.787] (**) |-->Screen "Default Screen Section" (0)
[    62.787] (**) |   |-->Monitor "<default monitor>"
[    62.787] (==) No monitor specified for screen "Default Screen Section".
	Using a default monitor configuration.
[    62.787] (==) Automatically adding devices
[    62.787] (==) Automatically enabling devices
[    62.787] (==) Automatically adding GPU devices
[    62.787] (==) Automatically binding GPU devices
[    62.788] (==) Max clients allowed: 256, resource mask: 0x1fffff
[    62.788] (WW) The directory "/usr/share/fonts/Type1" does not exist.
[    62.788] 	Entry deleted from font path.
[    62.788] (WW) The directory "/usr/share/fonts/100dpi" does not exist.
[    62.788] 	Entry deleted from font path.
[    62.788] (WW) The directory "/usr/share/fonts/75dpi" does not exist.
[    62.788] 	Entry deleted from font path.
[    62.788] (==) FontPath set to:
	/usr/share/fonts/misc,
	/usr/share/fonts/TTF,
	/usr/share/fonts/OTF
[    62.788] (==) ModulePath set to "/usr/lib/xorg/modules"
[    62.788] (II) The server relies on udev to provide the list of input devices.
	If no devices become available, reconfigure udev or disable AutoAddDevices.
[    62.788] (II) Module ABI versions:
[    62.788] 	X.Org ANSI C Emulation: 0.4
[    62.788] 	X.Org Video Driver: 25.2
[    62.788] 	X.Org XInput driver : 24.4
[    62.788] 	X.Org Server Extension : 10.0
[    62.790] (++) using VT number 2

[    62.794] (II) systemd-logind: took control of session /org/freedesktop/login1/session/_34
[    62.795] (II) xfree86: Adding drm device (/dev/dri/card0)
[    62.795] (II) Platform probe for /sys/devices/pci0000:00/0000:00:02.0/drm/card0
[    62.797] (II) systemd-logind: got fd for /dev/dri/card0 226:0 fd 11 paused 0
[    62.801] (--) PCI:*(0@0:2:0) 8086:5a85:1025:1195 rev 11, Mem @ 0x90000000/16777216, 0x80000000/268435456, I/O @ 0x00002000/64, BIOS @ 0x????????/131072
[    62.801] (WW) Open ACPI failed (/var/run/acpid.socket) (No such file or directory)
[    62.801] (II) LoadModule: "glx"
[    62.801] (II) Loading /usr/lib/xorg/modules/extensions/libglx.so
[    62.804] (II) Module glx: vendor="X.Org Foundation"
[    62.804] 	compiled for 1.21.1.3, module version = 1.0.0
[    62.804] 	ABI class: X.Org Server Extension, version 10.0
[    62.804] (==) Matched modesetting as autoconfigured driver 0
[    62.804] (==) Matched fbdev as autoconfigured driver 1
[    62.804] (==) Matched vesa as autoconfigured driver 2
[    62.804] (==) Assigned the driver to the xf86ConfigLayout
[    62.804] (II) LoadModule: "modesetting"
[    62.804] (II) Loading /usr/lib/xorg/modules/drivers/modesetting_drv.so
[    62.805] (II) Module modesetting: vendor="X.Org Foundation"
[    62.805] 	compiled for 1.21.1.3, module version = 1.21.1
[    62.805] 	Module class: X.Org Video Driver
[    62.805] 	ABI class: X.Org Video Driver, version 25.2
[    62.805] (II) LoadModule: "fbdev"
[    62.805] (II) Loading /usr/lib/xorg/modules/drivers/fbdev_drv.so
[    62.805] (II) Module fbdev: vendor="X.Org Foundation"
[    62.805] 	compiled for 1.21.1.1, module version = 0.5.0
[    62.805] 	Module class: X.Org Video Driver
[    62.805] 	ABI class: X.Org Video Driver, version 25.2
[    62.805] (II) LoadModule: "vesa"
[    62.805] (II) Loading /usr/lib/xorg/modules/drivers/vesa_drv.so
[    62.806] (II) Module vesa: vendor="X.Org Foundation"
[    62.806] 	compiled for 1.21.1.1, module version = 2.5.0
[    62.806] 	Module class: X.Org Video Driver
[    62.806] 	ABI class: X.Org Video Driver, version 25.2
[    62.806] (II) modesetting: Driver for Modesetting Kernel Drivers: kms
[    62.806] (II) FBDEV: driver for framebuffer: fbdev
[    62.806] (II) VESA: driver for VESA chipsets: vesa
[    62.806] xf86EnableIO: failed to enable I/O ports 0000-03ff (Operation not permitted)
[    62.806] (II) modeset(0): using drv /dev/dri/card0
[    62.806] (WW) Falling back to old probe method for fbdev
[    62.806] (II) Loading sub module "fbdevhw"
[    62.806] (II) LoadModule: "fbdevhw"
[    62.806] (II) Loading /usr/lib/xorg/modules/libfbdevhw.so
[    62.806] (II) Module fbdevhw: vendor="X.Org Foundation"
[    62.806] 	compiled for 1.21.1.3, module version = 0.0.2
[    62.806] 	ABI class: X.Org Video Driver, version 25.2
[    62.806] (EE) open /dev/fb0: Permission denied
[    62.806] (WW) VGA arbiter: cannot open kernel arbiter, no multi-card support
[    62.806] (II) modeset(0): Creating default Display subsection in Screen section
	"Default Screen Section" for depth/fbbpp 24/32
[    62.806] (==) modeset(0): Depth 24, (==) framebuffer bpp 32
[    62.806] (==) modeset(0): RGB weight 888
[    62.806] (==) modeset(0): Default visual is TrueColor
[    62.806] (II) Loading sub module "glamoregl"
[    62.806] (II) LoadModule: "glamoregl"
[    62.807] (II) Loading /usr/lib/xorg/modules/libglamoregl.so
[    62.814] (II) Module glamoregl: vendor="X.Org Foundation"
[    62.814] 	compiled for 1.21.1.3, module version = 1.0.1
[    62.814] 	ABI class: X.Org ANSI C Emulation, version 0.4
[    62.879] (II) modeset(0): glamor X acceleration enabled on Mesa Intel(R) HD Graphics 500 (APL 2)
[    62.879] (II) modeset(0): glamor initialized
[    62.879] (==) modeset(0): VariableRefresh: disabled
[    62.879] (==) modeset(0): AsyncFlipSecondaries: disabled
[    62.880] (II) modeset(0): Output eDP-1 has no monitor section
[    62.882] (II) modeset(0): Output HDMI-1 has no monitor section
[    62.883] (II) modeset(0): EDID for output eDP-1
[    62.883] (II) modeset(0): Manufacturer: CMN  Model: 14c4  Serial#: 0
[    62.883] (II) modeset(0): Year: 2015  Week: 38
[    62.883] (II) modeset(0): EDID Version: 1.4
[    62.883] (II) modeset(0): Digital Display Input
[    62.883] (II) modeset(0): 6 bits per channel
[    62.883] (II) modeset(0): Digital interface is DisplayPort
[    62.883] (II) modeset(0): Max Image Size [cm]: horiz.: 31  vert.: 17
[    62.883] (II) modeset(0): Gamma: 2.20
[    62.883] (II) modeset(0): No DPMS capabilities specified
[    62.883] (II) modeset(0): Supported color encodings: RGB 4:4:4 
[    62.883] (II) modeset(0): First detailed timing is preferred mode
[    62.883] (II) modeset(0): Preferred mode is native pixel format and refresh rate
[    62.883] (II) modeset(0): redX: 0.575 redY: 0.335   greenX: 0.327 greenY: 0.580
[    62.883] (II) modeset(0): blueX: 0.157 blueY: 0.137   whiteX: 0.313 whiteY: 0.329
[    62.883] (II) modeset(0): Manufacturer's mask: 0
[    62.883] (II) modeset(0): Supported detailed timing:
[    62.883] (II) modeset(0): clock: 76.4 MHz   Image Size:  309 x 173 mm
[    62.883] (II) modeset(0): h_active: 1366  h_sync: 1434  h_sync_end 1479 h_blank_end 1592 h_border: 0
[    62.883] (II) modeset(0): v_active: 768  v_sync: 772  v_sync_end 779 v_blanking: 800 v_border: 0
[    62.883] (II) modeset(0):  N140BGA-EB3
[    62.883] (II) modeset(0):  CMN
[    62.883] (II) modeset(0):  N140BGA-EB3
[    62.883] (II) modeset(0): EDID (in hex):
[    62.883] (II) modeset(0): 	00ffffffffffff000daec41400000000
[    62.883] (II) modeset(0): 	26190104951f1178027e459355539428
[    62.883] (II) modeset(0): 	23505400000001010101010101010101
[    62.884] (II) modeset(0): 	010101010101da1d56e250002030442d
[    62.884] (II) modeset(0): 	470035ad10000018000000fe004e3134
[    62.884] (II) modeset(0): 	304247412d4542330a20000000fe0043
[    62.884] (II) modeset(0): 	4d4e0a202020202020202020000000fe
[    62.884] (II) modeset(0): 	004e3134304247412d4542330a200050
[    62.884] (II) modeset(0): Printing probed modes for output eDP-1
[    62.884] (II) modeset(0): Modeline "1366x768"x60.0   76.42  1366 1434 1479 1592  768 772 779 800 -hsync -vsync (48.0 kHz eP)
[    62.884] (II) modeset(0): Modeline "1280x720"x120.0  156.12  1280 1376 1512 1744  720 721 724 746 doublescan -hsync +vsync (89.5 kHz d)
[    62.884] (II) modeset(0): Modeline "1280x720"x120.0  120.75  1280 1304 1320 1360  720 721 724 740 doublescan +hsync -vsync (88.8 kHz d)
[    62.884] (II) modeset(0): Modeline "1280x720"x59.9   74.50  1280 1344 1472 1664  720 723 728 748 -hsync +vsync (44.8 kHz d)
[    62.884] (II) modeset(0): Modeline "1280x720"x59.7   63.75  1280 1328 1360 1440  720 723 728 741 +hsync -vsync (44.3 kHz d)
[    62.884] (II) modeset(0): Modeline "1024x768"x120.1  133.47  1024 1100 1212 1400  768 768 770 794 doublescan -hsync +vsync (95.3 kHz d)
[    62.884] (II) modeset(0): Modeline "1024x768"x60.0   65.00  1024 1048 1184 1344  768 771 777 806 -hsync -vsync (48.4 kHz d)
[    62.884] (II) modeset(0): Modeline "960x720"x120.0  117.00  960 1024 1128 1300  720 720 722 750 doublescan -hsync +vsync (90.0 kHz d)
[    62.884] (II) modeset(0): Modeline "928x696"x120.1  109.15  928 976 1088 1264  696 696 698 719 doublescan -hsync +vsync (86.4 kHz d)
[    62.884] (II) modeset(0): Modeline "896x672"x120.0  102.40  896 960 1060 1224  672 672 674 697 doublescan -hsync +vsync (83.7 kHz d)
[    62.884] (II) modeset(0): Modeline "1024x576"x119.9   98.50  1024 1092 1200 1376  576 577 580 597 doublescan -hsync +vsync (71.6 kHz d)
[    62.884] (II) modeset(0): Modeline "1024x576"x119.9   78.38  1024 1048 1064 1104  576 577 580 592 doublescan +hsync -vsync (71.0 kHz d)
[    62.884] (II) modeset(0): Modeline "1024x576"x59.9   46.50  1024 1064 1160 1296  576 579 584 599 -hsync +vsync (35.9 kHz d)
[    62.884] (II) modeset(0): Modeline "1024x576"x59.8   42.00  1024 1072 1104 1184  576 579 584 593 +hsync -vsync (35.5 kHz d)
[    62.884] (II) modeset(0): Modeline "960x600"x119.9   96.62  960 1028 1128 1296  600 601 604 622 doublescan -hsync +vsync (74.6 kHz d)
[    62.884] (II) modeset(0): Modeline "960x600"x120.0   77.00  960 984 1000 1040  600 601 604 617 doublescan +hsync -vsync (74.0 kHz d)
[    62.884] (II) modeset(0): Modeline "960x540"x119.9   86.50  960 1024 1124 1288  540 541 544 560 doublescan -hsync +vsync (67.2 kHz d)
[    62.884] (II) modeset(0): Modeline "960x540"x120.0   69.25  960 984 1000 1040  540 541 544 555 doublescan +hsync -vsync (66.6 kHz d)
[    62.884] (II) modeset(0): Modeline "960x540"x59.6   40.75  960 992 1088 1216  540 543 548 562 -hsync +vsync (33.5 kHz d)
[    62.884] (II) modeset(0): Modeline "960x540"x59.8   37.25  960 1008 1040 1120  540 543 548 556 +hsync -vsync (33.3 kHz d)
[    62.884] (II) modeset(0): Modeline "800x600"x120.0   81.00  800 832 928 1080  600 600 602 625 doublescan +hsync +vsync (75.0 kHz d)
[    62.884] (II) modeset(0): Modeline "800x600"x60.3   40.00  800 840 968 1056  600 601 605 628 +hsync +vsync (37.9 kHz d)
[    62.884] (II) modeset(0): Modeline "800x600"x56.2   36.00  800 824 896 1024  600 601 603 625 +hsync +vsync (35.2 kHz d)
[    62.884] (II) modeset(0): Modeline "840x525"x120.0   73.12  840 892 980 1120  525 526 529 544 doublescan -hsync +vsync (65.3 kHz d)
[    62.884] (II) modeset(0): Modeline "840x525"x119.8   59.50  840 864 880 920  525 526 529 540 doublescan +hsync -vsync (64.7 kHz d)
[    62.884] (II) modeset(0): Modeline "864x486"x59.9   32.50  864 888 968 1072  486 489 494 506 -hsync +vsync (30.3 kHz d)
[    62.884] (II) modeset(0): Modeline "864x486"x59.6   30.50  864 912 944 1024  486 489 494 500 +hsync -vsync (29.8 kHz d)
[    62.884] (II) modeset(0): Modeline "700x525"x120.0   61.00  700 744 820 940  525 526 532 541 doublescan +hsync +vsync (64.9 kHz d)
[    62.884] (II) modeset(0): Modeline "800x450"x119.9   59.12  800 848 928 1056  450 451 454 467 doublescan -hsync +vsync (56.0 kHz d)
[    62.884] (II) modeset(0): Modeline "800x450"x119.6   48.75  800 824 840 880  450 451 454 463 doublescan +hsync -vsync (55.4 kHz d)
[    62.884] (II) modeset(0): Modeline "640x512"x120.0   54.00  640 664 720 844  512 512 514 533 doublescan +hsync +vsync (64.0 kHz d)
[    62.884] (II) modeset(0): Modeline "700x450"x119.9   51.75  700 740 812 924  450 451 456 467 doublescan -hsync +vsync (56.0 kHz d)
[    62.884] (II) modeset(0): Modeline "700x450"x119.8   43.25  700 724 740 780  450 451 456 463 doublescan +hsync -vsync (55.4 kHz d)
[    62.884] (II) modeset(0): Modeline "640x480"x120.0   54.00  640 688 744 900  480 480 482 500 doublescan +hsync +vsync (60.0 kHz d)
[    62.884] (II) modeset(0): Modeline "640x480"x59.9   25.18  640 656 752 800  480 490 492 525 -hsync -vsync (31.5 kHz d)
[    62.884] (II) modeset(0): Modeline "720x405"x59.5   22.50  720 744 808 896  405 408 413 422 -hsync +vsync (25.1 kHz d)
[    62.884] (II) modeset(0): Modeline "720x405"x59.0   21.75  720 768 800 880  405 408 413 419 +hsync -vsync (24.7 kHz d)
[    62.884] (II) modeset(0): Modeline "684x384"x119.8   42.62  684 720 788 892  384 385 390 399 doublescan -hsync +vsync (47.8 kHz d)
[    62.884] (II) modeset(0): Modeline "684x384"x119.7   36.12  684 708 724 764  384 385 390 395 doublescan +hsync -vsync (47.3 kHz d)
[    62.884] (II) modeset(0): Modeline "640x400"x119.8   41.75  640 676 740 840  400 401 404 415 doublescan -hsync +vsync (49.7 kHz d)
[    62.884] (II) modeset(0): Modeline "640x400"x120.0   35.50  640 664 680 720  400 401 404 411 doublescan +hsync -vsync (49.3 kHz d)
[    62.884] (II) modeset(0): Modeline "640x360"x119.7   37.25  640 672 736 832  360 361 364 374 doublescan -hsync +vsync (44.8 kHz d)
[    62.884] (II) modeset(0): Modeline "640x360"x119.7   31.88  640 664 680 720  360 361 364 370 doublescan +hsync -vsync (44.3 kHz d)
[    62.885] (II) modeset(0): Modeline "640x360"x59.8   18.00  640 664 720 800  360 363 368 376 -hsync +vsync (22.5 kHz d)
[    62.885] (II) modeset(0): Modeline "640x360"x59.3   17.75  640 688 720 800  360 363 368 374 +hsync -vsync (22.2 kHz d)
[    62.885] (II) modeset(0): Modeline "512x384"x120.0   32.50  512 524 592 672  384 385 388 403 doublescan -hsync -vsync (48.4 kHz d)
[    62.885] (II) modeset(0): Modeline "512x288"x120.0   23.25  512 532 580 648  288 289 292 299 doublescan -hsync +vsync (35.9 kHz d)
[    62.885] (II) modeset(0): Modeline "512x288"x119.8   21.00  512 536 552 592  288 289 292 296 doublescan +hsync -vsync (35.5 kHz d)
[    62.885] (II) modeset(0): Modeline "480x270"x119.3   20.38  480 496 544 608  270 271 274 281 doublescan -hsync +vsync (33.5 kHz d)
[    62.885] (II) modeset(0): Modeline "480x270"x119.6   18.62  480 504 520 560  270 271 274 278 doublescan +hsync -vsync (33.3 kHz d)
[    62.885] (II) modeset(0): Modeline "400x300"x120.6   20.00  400 420 484 528  300 300 302 314 doublescan +hsync +vsync (37.9 kHz d)
[    62.885] (II) modeset(0): Modeline "400x300"x112.7   18.00  400 412 448 512  300 300 301 312 doublescan +hsync +vsync (35.2 kHz d)
[    62.885] (II) modeset(0): Modeline "432x243"x119.8   16.25  432 444 484 536  243 244 247 253 doublescan -hsync +vsync (30.3 kHz d)
[    62.885] (II) modeset(0): Modeline "432x243"x119.1   15.25  432 456 472 512  243 244 247 250 doublescan +hsync -vsync (29.8 kHz d)
[    62.885] (II) modeset(0): Modeline "320x240"x120.1   12.59  320 328 376 400  240 245 246 262 doublescan -hsync -vsync (31.5 kHz d)
[    62.885] (II) modeset(0): Modeline "360x202"x119.0   11.25  360 372 404 448  202 204 206 211 doublescan -hsync +vsync (25.1 kHz d)
[    62.885] (II) modeset(0): Modeline "360x202"x118.3   10.88  360 384 400 440  202 204 206 209 doublescan +hsync -vsync (24.7 kHz d)
[    62.885] (II) modeset(0): Modeline "320x180"x119.7    9.00  320 332 360 400  180 181 184 188 doublescan -hsync +vsync (22.5 kHz d)
[    62.885] (II) modeset(0): Modeline "320x180"x118.6    8.88  320 344 360 400  180 181 184 187 doublescan +hsync -vsync (22.2 kHz d)
[    62.886] (II) modeset(0): EDID for output HDMI-1
[    62.886] (II) modeset(0): Output eDP-1 connected
[    62.886] (II) modeset(0): Output HDMI-1 disconnected
[    62.886] (II) modeset(0): Using exact sizes for initial modes
[    62.886] (II) modeset(0): Output eDP-1 using initial mode 1366x768 +0+0
[    62.886] (==) modeset(0): Using gamma correction (1.0, 1.0, 1.0)
[    62.886] (==) modeset(0): DPI set to (96, 96)
[    62.886] (II) Loading sub module "fb"
[    62.886] (II) LoadModule: "fb"
[    62.886] (II) Module "fb" already built-in
[    62.886] (II) UnloadModule: "fbdev"
[    62.886] (II) Unloading fbdev
[    62.886] (II) UnloadSubModule: "fbdevhw"
[    62.886] (II) Unloading fbdevhw
[    62.886] (II) UnloadModule: "vesa"
[    62.887] (II) Unloading vesa
[    62.929] (==) modeset(0): Backing store enabled
[    62.929] (==) modeset(0): Silken mouse enabled
[    63.010] (II) modeset(0): Initializing kms color map for depth 24, 8 bpc.
[    63.011] (==) modeset(0): DPMS enabled
[    63.011] (II) modeset(0): [DRI2] Setup complete
[    63.011] (II) modeset(0): [DRI2]   DRI driver: iris
[    63.011] (II) modeset(0): [DRI2]   VDPAU driver: va_gl
[    63.011] (II) Initializing extension Generic Event Extension
[    63.012] (II) Initializing extension SHAPE
[    63.012] (II) Initializing extension MIT-SHM
[    63.012] (II) Initializing extension XInputExtension
[    63.013] (II) Initializing extension XTEST
[    63.013] (II) Initializing extension BIG-REQUESTS
[    63.013] (II) Initializing extension SYNC
[    63.014] (II) Initializing extension XKEYBOARD
[    63.014] (II) Initializing extension XC-MISC
[    63.014] (II) Initializing extension SECURITY
[    63.015] (II) Initializing extension XFIXES
[    63.015] (II) Initializing extension RENDER
[    63.016] (II) Initializing extension RANDR
[    63.016] (II) Initializing extension COMPOSITE
[    63.017] (II) Initializing extension DAMAGE
[    63.017] (II) Initializing extension MIT-SCREEN-SAVER
[    63.017] (II) Initializing extension DOUBLE-BUFFER
[    63.018] (II) Initializing extension RECORD
[    63.018] (II) Initializing extension DPMS
[    63.018] (II) Initializing extension Present
[    63.019] (II) Initializing extension DRI3
[    63.019] (II) Initializing extension X-Resource
[    63.019] (II) Initializing extension XVideo
[    63.020] (II) Initializing extension XVideo-MotionCompensation
[    63.020] (II) Initializing extension GLX
[    63.032] (II) AIGLX: Loaded and initialized iris
[    63.032] (II) GLX: Initialized DRI2 GL provider for screen 0
[    63.032] (II) Initializing extension XFree86-VidModeExtension
[    63.033] (II) Initializing extension XFree86-DGA
[    63.033] (II) Initializing extension XFree86-DRI
[    63.033] (II) Initializing extension DRI2
[    63.034] (II) modeset(0): Damage tracking initialized
[    63.034] (II) modeset(0): Setting screen physical size to 361 x 203
[    63.112] (II) config/udev: Adding input device Video Bus (/dev/input/event9)
[    63.112] (**) Video Bus: Applying InputClass "evdev keyboard catchall"
[    63.112] (**) Video Bus: Applying InputClass "libinput keyboard catchall"
[    63.112] (**) Video Bus: Applying InputClass "system-keyboard"
[    63.112] (II) LoadModule: "libinput"
[    63.112] (II) Loading /usr/lib/xorg/modules/input/libinput_drv.so
[    63.115] (II) Module libinput: vendor="X.Org Foundation"
[    63.115] 	compiled for 1.21.1.3, module version = 1.2.1
[    63.115] 	Module class: X.Org XInput Driver
[    63.115] 	ABI class: X.Org XInput driver, version 24.4
[    63.115] (II) Using input driver 'libinput' for 'Video Bus'
[    63.117] (II) systemd-logind: got fd for /dev/input/event9 13:73 fd 25 paused 0
[    63.118] (**) Video Bus: always reports core events
[    63.118] (**) Option "Device" "/dev/input/event9"
[    63.123] (II) event9  - Video Bus: is tagged by udev as: Keyboard
[    63.123] (II) event9  - Video Bus: device is a keyboard
[    63.123] (II) event9  - Video Bus: device removed
[    63.123] (**) Option "config_info" "udev:/sys/devices/LNXSYSTM:00/LNXSYBUS:00/PNP0A08:00/LNXVIDEO:00/input/input13/event9"
[    63.124] (II) XINPUT: Adding extended input device "Video Bus" (type: KEYBOARD, id 6)
[    63.124] (**) Option "xkb_layout" "us"
[    63.126] (II) event9  - Video Bus: is tagged by udev as: Keyboard
[    63.126] (II) event9  - Video Bus: device is a keyboard
[    63.127] (II) config/udev: Adding input device Acer Wireless Radio Control (/dev/input/event4)
[    63.127] (**) Acer Wireless Radio Control: Applying InputClass "evdev keyboard catchall"
[    63.127] (**) Acer Wireless Radio Control: Applying InputClass "libinput keyboard catchall"
[    63.127] (**) Acer Wireless Radio Control: Applying InputClass "system-keyboard"
[    63.127] (II) Using input driver 'libinput' for 'Acer Wireless Radio Control'
[    63.129] (II) systemd-logind: got fd for /dev/input/event4 13:68 fd 28 paused 0
[    63.130] (**) Acer Wireless Radio Control: always reports core events
[    63.130] (**) Option "Device" "/dev/input/event4"
[    63.132] (II) event4  - Acer Wireless Radio Control: is tagged by udev as: Keyboard
[    63.132] (II) event4  - Acer Wireless Radio Control: device is a keyboard
[    63.132] (II) event4  - Acer Wireless Radio Control: device removed
[    63.132] (**) Option "config_info" "udev:/sys/devices/LNXSYSTM:00/LNXSYBUS:00/PNP0A08:00/device:01/10251229:00/input/input4/event4"
[    63.132] (II) XINPUT: Adding extended input device "Acer Wireless Radio Control" (type: KEYBOARD, id 7)
[    63.132] (**) Option "xkb_layout" "us"
[    63.134] (II) event4  - Acer Wireless Radio Control: is tagged by udev as: Keyboard
[    63.134] (II) event4  - Acer Wireless Radio Control: device is a keyboard
[    63.135] (II) config/udev: Adding input device Power Button (/dev/input/event0)
[    63.135] (**) Power Button: Applying InputClass "evdev keyboard catchall"
[    63.135] (**) Power Button: Applying InputClass "libinput keyboard catchall"
[    63.136] (**) Power Button: Applying InputClass "system-keyboard"
[    63.136] (II) Using input driver 'libinput' for 'Power Button'
[    63.138] (II) systemd-logind: got fd for /dev/input/event0 13:64 fd 29 paused 0
[    63.138] (**) Power Button: always reports core events
[    63.138] (**) Option "Device" "/dev/input/event0"
[    63.139] (II) event0  - Power Button: is tagged by udev as: Keyboard
[    63.139] (II) event0  - Power Button: device is a keyboard
[    63.140] (II) event0  - Power Button: device removed
[    63.140] (**) Option "config_info" "udev:/sys/devices/LNXSYSTM:00/LNXSYBUS:00/PNP0C0C:00/input/input0/event0"
[    63.140] (II) XINPUT: Adding extended input device "Power Button" (type: KEYBOARD, id 8)
[    63.140] (**) Option "xkb_layout" "us"
[    63.141] (II) event0  - Power Button: is tagged by udev as: Keyboard
[    63.141] (II) event0  - Power Button: device is a keyboard
[    63.143] (II) config/udev: Adding input device Lid Switch (/dev/input/event2)
[    63.143] (II) No input driver specified, ignoring this device.
[    63.143] (II) This device may have been added with another device file.
[    63.143] (II) config/udev: Adding input device Sleep Button (/dev/input/event1)
[    63.143] (**) Sleep Button: Applying InputClass "evdev keyboard catchall"
[    63.143] (**) Sleep Button: Applying InputClass "libinput keyboard catchall"
[    63.143] (**) Sleep Button: Applying InputClass "system-keyboard"
[    63.143] (II) Using input driver 'libinput' for 'Sleep Button'
[    63.146] (II) systemd-logind: got fd for /dev/input/event1 13:65 fd 30 paused 0
[    63.146] (**) Sleep Button: always reports core events
[    63.146] (**) Option "Device" "/dev/input/event1"
[    63.147] (II) event1  - Sleep Button: is tagged by udev as: Keyboard
[    63.147] (II) event1  - Sleep Button: device is a keyboard
[    63.148] (II) event1  - Sleep Button: device removed
[    63.148] (**) Option "config_info" "udev:/sys/devices/LNXSYSTM:00/LNXSYBUS:00/PNP0C0E:00/input/input1/event1"
[    63.148] (II) XINPUT: Adding extended input device "Sleep Button" (type: KEYBOARD, id 9)
[    63.148] (**) Option "xkb_layout" "us"
[    63.149] (II) event1  - Sleep Button: is tagged by udev as: Keyboard
[    63.149] (II) event1  - Sleep Button: device is a keyboard
[    63.151] (II) config/udev: Adding input device HDA Intel PCH Front Headphone (/dev/input/event10)
[    63.151] (II) No input driver specified, ignoring this device.
[    63.151] (II) This device may have been added with another device file.
[    63.151] (II) config/udev: Adding input device HDA Intel PCH HDMI/DP,pcm=3 (/dev/input/event11)
[    63.151] (II) No input driver specified, ignoring this device.
[    63.151] (II) This device may have been added with another device file.
[    63.152] (II) config/udev: Adding input device HDA Intel PCH HDMI/DP,pcm=7 (/dev/input/event12)
[    63.152] (II) No input driver specified, ignoring this device.
[    63.152] (II) This device may have been added with another device file.
[    63.153] (II) config/udev: Adding input device HDA Intel PCH HDMI/DP,pcm=8 (/dev/input/event13)
[    63.153] (II) No input driver specified, ignoring this device.
[    63.153] (II) This device may have been added with another device file.
[    63.153] (II) config/udev: Adding input device HDA Intel PCH HDMI/DP,pcm=9 (/dev/input/event14)
[    63.153] (II) No input driver specified, ignoring this device.
[    63.153] (II) This device may have been added with another device file.
[    63.154] (II) config/udev: Adding input device HDA Intel PCH HDMI/DP,pcm=10 (/dev/input/event15)
[    63.154] (II) No input driver specified, ignoring this device.
[    63.154] (II) This device may have been added with another device file.
[    63.155] (II) config/udev: Adding input device VGA WebCam: VGA WebCam (/dev/input/event16)
[    63.155] (**) VGA WebCam: VGA WebCam: Applying InputClass "evdev keyboard catchall"
[    63.155] (**) VGA WebCam: VGA WebCam: Applying InputClass "libinput keyboard catchall"
[    63.155] (**) VGA WebCam: VGA WebCam: Applying InputClass "system-keyboard"
[    63.155] (II) Using input driver 'libinput' for 'VGA WebCam: VGA WebCam'
[    63.157] (II) systemd-logind: got fd for /dev/input/event16 13:80 fd 31 paused 0
[    63.157] (**) VGA WebCam: VGA WebCam: always reports core events
[    63.157] (**) Option "Device" "/dev/input/event16"
[    63.159] (II) event16 - VGA WebCam: VGA WebCam: is tagged by udev as: Keyboard
[    63.159] (II) event16 - VGA WebCam: VGA WebCam: device is a keyboard
[    63.160] (II) event16 - VGA WebCam: VGA WebCam: device removed
[    63.160] (**) Option "config_info" "udev:/sys/devices/pci0000:00/0000:00:15.0/usb1/1-7/1-7:1.0/input/input20/event16"
[    63.160] (II) XINPUT: Adding extended input device "VGA WebCam: VGA WebCam" (type: KEYBOARD, id 10)
[    63.160] (**) Option "xkb_layout" "us"
[    63.162] (II) event16 - VGA WebCam: VGA WebCam: is tagged by udev as: Keyboard
[    63.162] (II) event16 - VGA WebCam: VGA WebCam: device is a keyboard
[    63.163] (II) config/udev: Adding input device SYNA7DAB:00 06CB:7DAC Touchpad (/dev/input/event7)
[    63.163] (**) SYNA7DAB:00 06CB:7DAC Touchpad: Applying InputClass "evdev touchpad catchall"
[    63.163] (**) SYNA7DAB:00 06CB:7DAC Touchpad: Applying InputClass "libinput touchpad catchall"
[    63.163] (**) SYNA7DAB:00 06CB:7DAC Touchpad: Applying InputClass "touchpad catchall"
[    63.163] (**) SYNA7DAB:00 06CB:7DAC Touchpad: Applying InputClass "touchpad catchall"
[    63.163] (II) Using input driver 'libinput' for 'SYNA7DAB:00 06CB:7DAC Touchpad'
[    63.166] (II) systemd-logind: got fd for /dev/input/event7 13:71 fd 32 paused 0
[    63.166] (**) SYNA7DAB:00 06CB:7DAC Touchpad: always reports core events
[    63.166] (**) Option "Device" "/dev/input/event7"
[    63.168] (II) event7  - SYNA7DAB:00 06CB:7DAC Touchpad: is tagged by udev as: Touchpad
[    63.171] (II) event7  - SYNA7DAB:00 06CB:7DAC Touchpad: device is a touchpad
[    63.171] (II) event7  - SYNA7DAB:00 06CB:7DAC Touchpad: device removed
[    63.172] (**) Option "config_info" "udev:/sys/devices/pci0000:00/0000:00:17.0/i2c_designware.0/i2c-1/i2c-SYNA7DAB:00/0018:06CB:7DAC.0001/input/input10/event7"
[    63.172] (II) XINPUT: Adding extended input device "SYNA7DAB:00 06CB:7DAC Touchpad" (type: TOUCHPAD, id 11)
[    63.175] (**) Option "AccelerationScheme" "none"
[    63.175] (**) SYNA7DAB:00 06CB:7DAC Touchpad: (accel) selected scheme none/0
[    63.175] (**) SYNA7DAB:00 06CB:7DAC Touchpad: (accel) acceleration factor: 2.000
[    63.175] (**) SYNA7DAB:00 06CB:7DAC Touchpad: (accel) acceleration threshold: 4
[    63.177] (II) event7  - SYNA7DAB:00 06CB:7DAC Touchpad: is tagged by udev as: Touchpad
[    63.180] (II) event7  - SYNA7DAB:00 06CB:7DAC Touchpad: device is a touchpad
[    63.181] (II) config/udev: Adding input device SYNA7DAB:00 06CB:7DAC Touchpad (/dev/input/mouse1)
[    63.181] (**) SYNA7DAB:00 06CB:7DAC Touchpad: Ignoring device from InputClass "touchpad ignore duplicates"
[    63.182] (II) config/udev: Adding input device SYNA7DAB:00 06CB:7DAC Mouse (/dev/input/event6)
[    63.182] (**) SYNA7DAB:00 06CB:7DAC Mouse: Applying InputClass "evdev pointer catchall"
[    63.182] (**) SYNA7DAB:00 06CB:7DAC Mouse: Applying InputClass "libinput pointer catchall"
[    63.183] (II) Using input driver 'libinput' for 'SYNA7DAB:00 06CB:7DAC Mouse'
[    63.184] (II) systemd-logind: got fd for /dev/input/event6 13:70 fd 33 paused 0
[    63.185] (**) SYNA7DAB:00 06CB:7DAC Mouse: always reports core events
[    63.185] (**) Option "Device" "/dev/input/event6"
[    63.187] (II) event6  - SYNA7DAB:00 06CB:7DAC Mouse: is tagged by udev as: Mouse Pointingstick
[    63.187] (II) event6  - SYNA7DAB:00 06CB:7DAC Mouse: device is a pointer
[    63.189] (II) event6  - SYNA7DAB:00 06CB:7DAC Mouse: device removed
[    63.189] (**) Option "config_info" "udev:/sys/devices/pci0000:00/0000:00:17.0/i2c_designware.0/i2c-1/i2c-SYNA7DAB:00/0018:06CB:7DAC.0001/input/input9/event6"
[    63.189] (II) XINPUT: Adding extended input device "SYNA7DAB:00 06CB:7DAC Mouse" (type: MOUSE, id 12)
[    63.189] (**) Option "AccelerationScheme" "none"
[    63.189] (**) SYNA7DAB:00 06CB:7DAC Mouse: (accel) selected scheme none/0
[    63.189] (**) SYNA7DAB:00 06CB:7DAC Mouse: (accel) acceleration factor: 2.000
[    63.189] (**) SYNA7DAB:00 06CB:7DAC Mouse: (accel) acceleration threshold: 4
[    63.191] (II) event6  - SYNA7DAB:00 06CB:7DAC Mouse: is tagged by udev as: Mouse Pointingstick
[    63.192] (II) event6  - SYNA7DAB:00 06CB:7DAC Mouse: device is a pointer
[    63.194] (II) config/udev: Adding input device SYNA7DAB:00 06CB:7DAC Mouse (/dev/input/mouse0)
[    63.194] (II) No input driver specified, ignoring this device.
[    63.194] (II) This device may have been added with another device file.
[    63.196] (II) config/udev: Adding input device AT Translated Set 2 keyboard (/dev/input/event3)
[    63.196] (**) AT Translated Set 2 keyboard: Applying InputClass "evdev keyboard catchall"
[    63.196] (**) AT Translated Set 2 keyboard: Applying InputClass "libinput keyboard catchall"
[    63.196] (**) AT Translated Set 2 keyboard: Applying InputClass "system-keyboard"
[    63.196] (II) Using input driver 'libinput' for 'AT Translated Set 2 keyboard'
[    63.198] (II) systemd-logind: got fd for /dev/input/event3 13:67 fd 34 paused 0
[    63.198] (**) AT Translated Set 2 keyboard: always reports core events
[    63.198] (**) Option "Device" "/dev/input/event3"
[    63.200] (II) event3  - AT Translated Set 2 keyboard: is tagged by udev as: Keyboard
[    63.200] (II) event3  - AT Translated Set 2 keyboard: device is a keyboard
[    63.202] (II) event3  - AT Translated Set 2 keyboard: device removed
[    63.202] (**) Option "config_info" "udev:/sys/devices/platform/i8042/serio0/input/input3/event3"
[    63.202] (II) XINPUT: Adding extended input device "AT Translated Set 2 keyboard" (type: KEYBOARD, id 13)
[    63.202] (**) Option "xkb_layout" "us"
[    63.204] (II) event3  - AT Translated Set 2 keyboard: is tagged by udev as: Keyboard
[    63.204] (II) event3  - AT Translated Set 2 keyboard: device is a keyboard
[    63.206] (II) config/udev: Adding input device PC Speaker (/dev/input/event5)
[    63.206] (II) No input driver specified, ignoring this device.
[    63.206] (II) This device may have been added with another device file.
[    63.211] (II) config/udev: Adding input device Acer WMI hotkeys (/dev/input/event8)
[    63.211] (**) Acer WMI hotkeys: Applying InputClass "evdev keyboard catchall"
[    63.211] (**) Acer WMI hotkeys: Applying InputClass "libinput keyboard catchall"
[    63.211] (**) Acer WMI hotkeys: Applying InputClass "system-keyboard"
[    63.211] (II) Using input driver 'libinput' for 'Acer WMI hotkeys'
[    63.213] (II) systemd-logind: got fd for /dev/input/event8 13:72 fd 35 paused 0
[    63.213] (**) Acer WMI hotkeys: always reports core events
[    63.213] (**) Option "Device" "/dev/input/event8"
[    63.214] (II) event8  - Acer WMI hotkeys: is tagged by udev as: Keyboard
[    63.214] (II) event8  - Acer WMI hotkeys: device is a keyboard
[    63.215] (II) event8  - Acer WMI hotkeys: device removed
[    63.215] (**) Option "config_info" "udev:/sys/devices/virtual/input/input12/event8"
[    63.215] (II) XINPUT: Adding extended input device "Acer WMI hotkeys" (type: KEYBOARD, id 14)
[    63.215] (**) Option "xkb_layout" "us"
[    63.216] (II) event8  - Acer WMI hotkeys: is tagged by udev as: Keyboard
[    63.216] (II) event8  - Acer WMI hotkeys: device is a keyboard
[    63.351] (**) Option "fd" "25"
[    63.351] (II) event9  - Video Bus: device removed
[    63.351] (**) Option "fd" "28"
[    63.351] (II) event4  - Acer Wireless Radio Control: device removed
[    63.351] (**) Option "fd" "29"
[    63.351] (II) event0  - Power Button: device removed
[    63.351] (**) Option "fd" "30"
[    63.351] (II) event1  - Sleep Button: device removed
[    63.352] (**) Option "fd" "31"
[    63.352] (II) event16 - VGA WebCam: VGA WebCam: device removed
[    63.352] (**) Option "fd" "32"
[    63.352] (II) event7  - SYNA7DAB:00 06CB:7DAC Touchpad: device removed
[    63.352] (**) Option "fd" "33"
[    63.352] (II) event6  - SYNA7DAB:00 06CB:7DAC Mouse: device removed
[    63.352] (**) Option "fd" "34"
[    63.352] (II) event3  - AT Translated Set 2 keyboard: device removed
[    63.352] (**) Option "fd" "35"
[    63.352] (II) event8  - Acer WMI hotkeys: device removed
[    63.361] (II) UnloadModule: "libinput"
[    63.361] (II) systemd-logind: releasing fd for 13:72
[    63.372] (II) UnloadModule: "libinput"
[    63.372] (II) systemd-logind: releasing fd for 13:67
[    63.395] (II) UnloadModule: "libinput"
[    63.395] (II) systemd-logind: releasing fd for 13:70
[    63.422] (II) UnloadModule: "libinput"
[    63.422] (II) systemd-logind: releasing fd for 13:71
[    63.448] (II) UnloadModule: "libinput"
[    63.448] (II) systemd-logind: releasing fd for 13:80
[    63.475] (II) UnloadModule: "libinput"
[    63.475] (II) systemd-logind: releasing fd for 13:65
[    63.488] (II) UnloadModule: "libinput"
[    63.489] (II) systemd-logind: releasing fd for 13:64
[    63.502] (II) UnloadModule: "libinput"
[    63.502] (II) systemd-logind: releasing fd for 13:68
[    63.542] (II) UnloadModule: "libinput"
[    63.542] (II) systemd-logind: releasing fd for 13:73
[    63.655] (II) Server terminated successfully (0). Closing log file.
