[   108.543] 
X.Org X Server 1.21.1.3
X Protocol Version 11, Revision 0
[   108.548] Current Operating System: Linux suckless 5.15.25-1-MANJARO #1 SMP PREEMPT Wed Feb 23 14:44:03 UTC 2022 x86_64
[   108.548] Kernel command line: BOOT_IMAGE=/boot/vmlinuz-5.15-x86_64 root=UUID=c675412a-851a-47ff-9943-ee729204c7e6 rw quiet udev.log_priority=3
[   108.551]  
[   108.552] Current version of pixman: 0.40.0
[   108.554] 	Before reporting problems, check http://wiki.x.org
	to make sure that you have the latest version.
[   108.554] Markers: (--) probed, (**) from config file, (==) default setting,
	(++) from command line, (!!) notice, (II) informational,
	(WW) warning, (EE) error, (NI) not implemented, (??) unknown.
[   108.559] (==) Log file: "/home/mangal/.local/share/xorg/Xorg.0.log", Time: Fri Mar 11 14:32:01 2022
[   108.561] (==) Using config directory: "/etc/X11/xorg.conf.d"
[   108.562] (==) Using system config directory "/usr/share/X11/xorg.conf.d"
[   108.563] (==) No Layout section.  Using the first Screen section.
[   108.563] (==) No screen section available. Using defaults.
[   108.563] (**) |-->Screen "Default Screen Section" (0)
[   108.563] (**) |   |-->Monitor "<default monitor>"
[   108.563] (==) No monitor specified for screen "Default Screen Section".
	Using a default monitor configuration.
[   108.563] (==) Automatically adding devices
[   108.563] (==) Automatically enabling devices
[   108.563] (==) Automatically adding GPU devices
[   108.563] (==) Automatically binding GPU devices
[   108.563] (==) Max clients allowed: 256, resource mask: 0x1fffff
[   108.563] (WW) The directory "/usr/share/fonts/OTF" does not exist.
[   108.563] 	Entry deleted from font path.
[   108.563] (WW) The directory "/usr/share/fonts/Type1" does not exist.
[   108.563] 	Entry deleted from font path.
[   108.563] (WW) The directory "/usr/share/fonts/100dpi" does not exist.
[   108.563] 	Entry deleted from font path.
[   108.563] (WW) The directory "/usr/share/fonts/75dpi" does not exist.
[   108.563] 	Entry deleted from font path.
[   108.563] (==) FontPath set to:
	/usr/share/fonts/misc,
	/usr/share/fonts/TTF
[   108.563] (==) ModulePath set to "/usr/lib/xorg/modules"
[   108.563] (II) The server relies on udev to provide the list of input devices.
	If no devices become available, reconfigure udev or disable AutoAddDevices.
[   108.563] (II) Module ABI versions:
[   108.563] 	X.Org ANSI C Emulation: 0.4
[   108.563] 	X.Org Video Driver: 25.2
[   108.563] 	X.Org XInput driver : 24.4
[   108.563] 	X.Org Server Extension : 10.0
[   108.565] (++) using VT number 1

[   108.570] (II) systemd-logind: took control of session /org/freedesktop/login1/session/_31
[   108.571] (II) xfree86: Adding drm device (/dev/dri/card0)
[   108.571] (II) Platform probe for /sys/devices/pci0000:00/0000:00:02.0/drm/card0
[   108.573] (II) systemd-logind: got fd for /dev/dri/card0 226:0 fd 11 paused 0
[   108.577] (--) PCI:*(0@0:2:0) 8086:5a85:1025:1195 rev 11, Mem @ 0x90000000/16777216, 0x80000000/268435456, I/O @ 0x00002000/64, BIOS @ 0x????????/131072
[   108.577] (WW) Open ACPI failed (/var/run/acpid.socket) (No such file or directory)
[   108.577] (II) LoadModule: "glx"
[   108.577] (II) Loading /usr/lib/xorg/modules/extensions/libglx.so
[   108.580] (II) Module glx: vendor="X.Org Foundation"
[   108.580] 	compiled for 1.21.1.3, module version = 1.0.0
[   108.580] 	ABI class: X.Org Server Extension, version 10.0
[   108.580] (==) Matched modesetting as autoconfigured driver 0
[   108.580] (==) Matched fbdev as autoconfigured driver 1
[   108.580] (==) Matched vesa as autoconfigured driver 2
[   108.580] (==) Assigned the driver to the xf86ConfigLayout
[   108.580] (II) LoadModule: "modesetting"
[   108.580] (II) Loading /usr/lib/xorg/modules/drivers/modesetting_drv.so
[   108.581] (II) Module modesetting: vendor="X.Org Foundation"
[   108.581] 	compiled for 1.21.1.3, module version = 1.21.1
[   108.581] 	Module class: X.Org Video Driver
[   108.581] 	ABI class: X.Org Video Driver, version 25.2
[   108.581] (II) LoadModule: "fbdev"
[   108.581] (WW) Warning, couldn't open module fbdev
[   108.581] (EE) Failed to load module "fbdev" (module does not exist, 0)
[   108.581] (II) LoadModule: "vesa"
[   108.581] (WW) Warning, couldn't open module vesa
[   108.581] (EE) Failed to load module "vesa" (module does not exist, 0)
[   108.581] (II) modesetting: Driver for Modesetting Kernel Drivers: kms
[   108.582] (II) modeset(0): using drv /dev/dri/card0
[   108.582] (WW) VGA arbiter: cannot open kernel arbiter, no multi-card support
[   108.582] (II) modeset(0): Creating default Display subsection in Screen section
	"Default Screen Section" for depth/fbbpp 24/32
[   108.582] (==) modeset(0): Depth 24, (==) framebuffer bpp 32
[   108.582] (==) modeset(0): RGB weight 888
[   108.582] (==) modeset(0): Default visual is TrueColor
[   108.582] (II) Loading sub module "glamoregl"
[   108.582] (II) LoadModule: "glamoregl"
[   108.582] (II) Loading /usr/lib/xorg/modules/libglamoregl.so
[   108.588] (II) Module glamoregl: vendor="X.Org Foundation"
[   108.588] 	compiled for 1.21.1.3, module version = 1.0.1
[   108.588] 	ABI class: X.Org ANSI C Emulation, version 0.4
[   108.650] (II) modeset(0): glamor X acceleration enabled on Mesa Intel(R) HD Graphics 500 (APL 2)
[   108.650] (II) modeset(0): glamor initialized
[   108.650] (==) modeset(0): VariableRefresh: disabled
[   108.650] (==) modeset(0): AsyncFlipSecondaries: disabled
[   108.651] (II) modeset(0): Output eDP-1 has no monitor section
[   108.652] (II) modeset(0): Output HDMI-1 has no monitor section
[   108.654] (II) modeset(0): EDID for output eDP-1
[   108.654] (II) modeset(0): Manufacturer: CMN  Model: 14c4  Serial#: 0
[   108.654] (II) modeset(0): Year: 2015  Week: 38
[   108.654] (II) modeset(0): EDID Version: 1.4
[   108.654] (II) modeset(0): Digital Display Input
[   108.654] (II) modeset(0): 6 bits per channel
[   108.654] (II) modeset(0): Digital interface is DisplayPort
[   108.654] (II) modeset(0): Max Image Size [cm]: horiz.: 31  vert.: 17
[   108.654] (II) modeset(0): Gamma: 2.20
[   108.654] (II) modeset(0): No DPMS capabilities specified
[   108.654] (II) modeset(0): Supported color encodings: RGB 4:4:4 
[   108.654] (II) modeset(0): First detailed timing is preferred mode
[   108.654] (II) modeset(0): Preferred mode is native pixel format and refresh rate
[   108.654] (II) modeset(0): redX: 0.575 redY: 0.335   greenX: 0.327 greenY: 0.580
[   108.654] (II) modeset(0): blueX: 0.157 blueY: 0.137   whiteX: 0.313 whiteY: 0.329
[   108.654] (II) modeset(0): Manufacturer's mask: 0
[   108.654] (II) modeset(0): Supported detailed timing:
[   108.654] (II) modeset(0): clock: 76.4 MHz   Image Size:  309 x 173 mm
[   108.654] (II) modeset(0): h_active: 1366  h_sync: 1434  h_sync_end 1479 h_blank_end 1592 h_border: 0
[   108.654] (II) modeset(0): v_active: 768  v_sync: 772  v_sync_end 779 v_blanking: 800 v_border: 0
[   108.654] (II) modeset(0):  N140BGA-EB3
[   108.654] (II) modeset(0):  CMN
[   108.654] (II) modeset(0):  N140BGA-EB3
[   108.654] (II) modeset(0): EDID (in hex):
[   108.654] (II) modeset(0): 	00ffffffffffff000daec41400000000
[   108.654] (II) modeset(0): 	26190104951f1178027e459355539428
[   108.654] (II) modeset(0): 	23505400000001010101010101010101
[   108.654] (II) modeset(0): 	010101010101da1d56e250002030442d
[   108.654] (II) modeset(0): 	470035ad10000018000000fe004e3134
[   108.654] (II) modeset(0): 	304247412d4542330a20000000fe0043
[   108.654] (II) modeset(0): 	4d4e0a202020202020202020000000fe
[   108.654] (II) modeset(0): 	004e3134304247412d4542330a200050
[   108.655] (II) modeset(0): Printing probed modes for output eDP-1
[   108.655] (II) modeset(0): Modeline "1366x768"x60.0   76.42  1366 1434 1479 1592  768 772 779 800 -hsync -vsync (48.0 kHz eP)
[   108.655] (II) modeset(0): Modeline "1280x720"x120.0  156.12  1280 1376 1512 1744  720 721 724 746 doublescan -hsync +vsync (89.5 kHz d)
[   108.655] (II) modeset(0): Modeline "1280x720"x120.0  120.75  1280 1304 1320 1360  720 721 724 740 doublescan +hsync -vsync (88.8 kHz d)
[   108.655] (II) modeset(0): Modeline "1280x720"x59.9   74.50  1280 1344 1472 1664  720 723 728 748 -hsync +vsync (44.8 kHz d)
[   108.655] (II) modeset(0): Modeline "1280x720"x59.7   63.75  1280 1328 1360 1440  720 723 728 741 +hsync -vsync (44.3 kHz d)
[   108.655] (II) modeset(0): Modeline "1024x768"x120.1  133.47  1024 1100 1212 1400  768 768 770 794 doublescan -hsync +vsync (95.3 kHz d)
[   108.655] (II) modeset(0): Modeline "1024x768"x60.0   65.00  1024 1048 1184 1344  768 771 777 806 -hsync -vsync (48.4 kHz d)
[   108.655] (II) modeset(0): Modeline "960x720"x120.0  117.00  960 1024 1128 1300  720 720 722 750 doublescan -hsync +vsync (90.0 kHz d)
[   108.655] (II) modeset(0): Modeline "928x696"x120.1  109.15  928 976 1088 1264  696 696 698 719 doublescan -hsync +vsync (86.4 kHz d)
[   108.655] (II) modeset(0): Modeline "896x672"x120.0  102.40  896 960 1060 1224  672 672 674 697 doublescan -hsync +vsync (83.7 kHz d)
[   108.655] (II) modeset(0): Modeline "1024x576"x119.9   98.50  1024 1092 1200 1376  576 577 580 597 doublescan -hsync +vsync (71.6 kHz d)
[   108.655] (II) modeset(0): Modeline "1024x576"x119.9   78.38  1024 1048 1064 1104  576 577 580 592 doublescan +hsync -vsync (71.0 kHz d)
[   108.655] (II) modeset(0): Modeline "1024x576"x59.9   46.50  1024 1064 1160 1296  576 579 584 599 -hsync +vsync (35.9 kHz d)
[   108.655] (II) modeset(0): Modeline "1024x576"x59.8   42.00  1024 1072 1104 1184  576 579 584 593 +hsync -vsync (35.5 kHz d)
[   108.655] (II) modeset(0): Modeline "960x600"x119.9   96.62  960 1028 1128 1296  600 601 604 622 doublescan -hsync +vsync (74.6 kHz d)
[   108.655] (II) modeset(0): Modeline "960x600"x120.0   77.00  960 984 1000 1040  600 601 604 617 doublescan +hsync -vsync (74.0 kHz d)
[   108.655] (II) modeset(0): Modeline "960x540"x119.9   86.50  960 1024 1124 1288  540 541 544 560 doublescan -hsync +vsync (67.2 kHz d)
[   108.655] (II) modeset(0): Modeline "960x540"x120.0   69.25  960 984 1000 1040  540 541 544 555 doublescan +hsync -vsync (66.6 kHz d)
[   108.655] (II) modeset(0): Modeline "960x540"x59.6   40.75  960 992 1088 1216  540 543 548 562 -hsync +vsync (33.5 kHz d)
[   108.655] (II) modeset(0): Modeline "960x540"x59.8   37.25  960 1008 1040 1120  540 543 548 556 +hsync -vsync (33.3 kHz d)
[   108.655] (II) modeset(0): Modeline "800x600"x120.0   81.00  800 832 928 1080  600 600 602 625 doublescan +hsync +vsync (75.0 kHz d)
[   108.655] (II) modeset(0): Modeline "800x600"x60.3   40.00  800 840 968 1056  600 601 605 628 +hsync +vsync (37.9 kHz d)
[   108.655] (II) modeset(0): Modeline "800x600"x56.2   36.00  800 824 896 1024  600 601 603 625 +hsync +vsync (35.2 kHz d)
[   108.655] (II) modeset(0): Modeline "840x525"x120.0   73.12  840 892 980 1120  525 526 529 544 doublescan -hsync +vsync (65.3 kHz d)
[   108.655] (II) modeset(0): Modeline "840x525"x119.8   59.50  840 864 880 920  525 526 529 540 doublescan +hsync -vsync (64.7 kHz d)
[   108.655] (II) modeset(0): Modeline "864x486"x59.9   32.50  864 888 968 1072  486 489 494 506 -hsync +vsync (30.3 kHz d)
[   108.655] (II) modeset(0): Modeline "864x486"x59.6   30.50  864 912 944 1024  486 489 494 500 +hsync -vsync (29.8 kHz d)
[   108.655] (II) modeset(0): Modeline "700x525"x120.0   61.00  700 744 820 940  525 526 532 541 doublescan +hsync +vsync (64.9 kHz d)
[   108.655] (II) modeset(0): Modeline "800x450"x119.9   59.12  800 848 928 1056  450 451 454 467 doublescan -hsync +vsync (56.0 kHz d)
[   108.655] (II) modeset(0): Modeline "800x450"x119.6   48.75  800 824 840 880  450 451 454 463 doublescan +hsync -vsync (55.4 kHz d)
[   108.655] (II) modeset(0): Modeline "640x512"x120.0   54.00  640 664 720 844  512 512 514 533 doublescan +hsync +vsync (64.0 kHz d)
[   108.655] (II) modeset(0): Modeline "700x450"x119.9   51.75  700 740 812 924  450 451 456 467 doublescan -hsync +vsync (56.0 kHz d)
[   108.655] (II) modeset(0): Modeline "700x450"x119.8   43.25  700 724 740 780  450 451 456 463 doublescan +hsync -vsync (55.4 kHz d)
[   108.655] (II) modeset(0): Modeline "640x480"x120.0   54.00  640 688 744 900  480 480 482 500 doublescan +hsync +vsync (60.0 kHz d)
[   108.655] (II) modeset(0): Modeline "640x480"x59.9   25.18  640 656 752 800  480 490 492 525 -hsync -vsync (31.5 kHz d)
[   108.655] (II) modeset(0): Modeline "720x405"x59.5   22.50  720 744 808 896  405 408 413 422 -hsync +vsync (25.1 kHz d)
[   108.655] (II) modeset(0): Modeline "720x405"x59.0   21.75  720 768 800 880  405 408 413 419 +hsync -vsync (24.7 kHz d)
[   108.655] (II) modeset(0): Modeline "684x384"x119.8   42.62  684 720 788 892  384 385 390 399 doublescan -hsync +vsync (47.8 kHz d)
[   108.655] (II) modeset(0): Modeline "684x384"x119.7   36.12  684 708 724 764  384 385 390 395 doublescan +hsync -vsync (47.3 kHz d)
[   108.655] (II) modeset(0): Modeline "640x400"x119.8   41.75  640 676 740 840  400 401 404 415 doublescan -hsync +vsync (49.7 kHz d)
[   108.655] (II) modeset(0): Modeline "640x400"x120.0   35.50  640 664 680 720  400 401 404 411 doublescan +hsync -vsync (49.3 kHz d)
[   108.655] (II) modeset(0): Modeline "640x360"x119.7   37.25  640 672 736 832  360 361 364 374 doublescan -hsync +vsync (44.8 kHz d)
[   108.655] (II) modeset(0): Modeline "640x360"x119.7   31.88  640 664 680 720  360 361 364 370 doublescan +hsync -vsync (44.3 kHz d)
[   108.655] (II) modeset(0): Modeline "640x360"x59.8   18.00  640 664 720 800  360 363 368 376 -hsync +vsync (22.5 kHz d)
[   108.655] (II) modeset(0): Modeline "640x360"x59.3   17.75  640 688 720 800  360 363 368 374 +hsync -vsync (22.2 kHz d)
[   108.655] (II) modeset(0): Modeline "512x384"x120.0   32.50  512 524 592 672  384 385 388 403 doublescan -hsync -vsync (48.4 kHz d)
[   108.655] (II) modeset(0): Modeline "512x288"x120.0   23.25  512 532 580 648  288 289 292 299 doublescan -hsync +vsync (35.9 kHz d)
[   108.655] (II) modeset(0): Modeline "512x288"x119.8   21.00  512 536 552 592  288 289 292 296 doublescan +hsync -vsync (35.5 kHz d)
[   108.655] (II) modeset(0): Modeline "480x270"x119.3   20.38  480 496 544 608  270 271 274 281 doublescan -hsync +vsync (33.5 kHz d)
[   108.655] (II) modeset(0): Modeline "480x270"x119.6   18.62  480 504 520 560  270 271 274 278 doublescan +hsync -vsync (33.3 kHz d)
[   108.655] (II) modeset(0): Modeline "400x300"x120.6   20.00  400 420 484 528  300 300 302 314 doublescan +hsync +vsync (37.9 kHz d)
[   108.655] (II) modeset(0): Modeline "400x300"x112.7   18.00  400 412 448 512  300 300 301 312 doublescan +hsync +vsync (35.2 kHz d)
[   108.655] (II) modeset(0): Modeline "432x243"x119.8   16.25  432 444 484 536  243 244 247 253 doublescan -hsync +vsync (30.3 kHz d)
[   108.655] (II) modeset(0): Modeline "432x243"x119.1   15.25  432 456 472 512  243 244 247 250 doublescan +hsync -vsync (29.8 kHz d)
[   108.655] (II) modeset(0): Modeline "320x240"x120.1   12.59  320 328 376 400  240 245 246 262 doublescan -hsync -vsync (31.5 kHz d)
[   108.655] (II) modeset(0): Modeline "360x202"x119.0   11.25  360 372 404 448  202 204 206 211 doublescan -hsync +vsync (25.1 kHz d)
[   108.655] (II) modeset(0): Modeline "360x202"x118.3   10.88  360 384 400 440  202 204 206 209 doublescan +hsync -vsync (24.7 kHz d)
[   108.655] (II) modeset(0): Modeline "320x180"x119.7    9.00  320 332 360 400  180 181 184 188 doublescan -hsync +vsync (22.5 kHz d)
[   108.656] (II) modeset(0): Modeline "320x180"x118.6    8.88  320 344 360 400  180 181 184 187 doublescan +hsync -vsync (22.2 kHz d)
[   108.657] (II) modeset(0): EDID for output HDMI-1
[   108.657] (II) modeset(0): Output eDP-1 connected
[   108.657] (II) modeset(0): Output HDMI-1 disconnected
[   108.657] (II) modeset(0): Using exact sizes for initial modes
[   108.657] (II) modeset(0): Output eDP-1 using initial mode 1366x768 +0+0
[   108.657] (==) modeset(0): Using gamma correction (1.0, 1.0, 1.0)
[   108.657] (==) modeset(0): DPI set to (96, 96)
[   108.657] (II) Loading sub module "fb"
[   108.657] (II) LoadModule: "fb"
[   108.657] (II) Module "fb" already built-in
[   108.674] (==) modeset(0): Backing store enabled
[   108.674] (==) modeset(0): Silken mouse enabled
[   108.750] (II) modeset(0): Initializing kms color map for depth 24, 8 bpc.
[   108.750] (==) modeset(0): DPMS enabled
[   108.750] (II) modeset(0): [DRI2] Setup complete
[   108.750] (II) modeset(0): [DRI2]   DRI driver: iris
[   108.750] (II) modeset(0): [DRI2]   VDPAU driver: va_gl
[   108.750] (II) Initializing extension Generic Event Extension
[   108.751] (II) Initializing extension SHAPE
[   108.751] (II) Initializing extension MIT-SHM
[   108.751] (II) Initializing extension XInputExtension
[   108.752] (II) Initializing extension XTEST
[   108.752] (II) Initializing extension BIG-REQUESTS
[   108.752] (II) Initializing extension SYNC
[   108.752] (II) Initializing extension XKEYBOARD
[   108.753] (II) Initializing extension XC-MISC
[   108.753] (II) Initializing extension SECURITY
[   108.753] (II) Initializing extension XFIXES
[   108.753] (II) Initializing extension RENDER
[   108.754] (II) Initializing extension RANDR
[   108.754] (II) Initializing extension COMPOSITE
[   108.754] (II) Initializing extension DAMAGE
[   108.755] (II) Initializing extension MIT-SCREEN-SAVER
[   108.755] (II) Initializing extension DOUBLE-BUFFER
[   108.755] (II) Initializing extension RECORD
[   108.755] (II) Initializing extension DPMS
[   108.755] (II) Initializing extension Present
[   108.756] (II) Initializing extension DRI3
[   108.756] (II) Initializing extension X-Resource
[   108.756] (II) Initializing extension XVideo
[   108.756] (II) Initializing extension XVideo-MotionCompensation
[   108.756] (II) Initializing extension GLX
[   108.770] (II) AIGLX: Loaded and initialized iris
[   108.770] (II) GLX: Initialized DRI2 GL provider for screen 0
[   108.770] (II) Initializing extension XFree86-VidModeExtension
[   108.770] (II) Initializing extension XFree86-DGA
[   108.770] (II) Initializing extension XFree86-DRI
[   108.770] (II) Initializing extension DRI2
[   108.771] (II) modeset(0): Damage tracking initialized
[   108.771] (II) modeset(0): Setting screen physical size to 361 x 203
[   108.846] (II) config/udev: Adding input device Video Bus (/dev/input/event8)
[   108.846] (**) Video Bus: Applying InputClass "evdev keyboard catchall"
[   108.846] (**) Video Bus: Applying InputClass "libinput keyboard catchall"
[   108.846] (**) Video Bus: Applying InputClass "system-keyboard"
[   108.846] (II) LoadModule: "libinput"
[   108.847] (II) Loading /usr/lib/xorg/modules/input/libinput_drv.so
[   108.849] (II) Module libinput: vendor="X.Org Foundation"
[   108.849] 	compiled for 1.21.1.3, module version = 1.2.1
[   108.849] 	Module class: X.Org XInput Driver
[   108.849] 	ABI class: X.Org XInput driver, version 24.4
[   108.849] (II) Using input driver 'libinput' for 'Video Bus'
[   108.851] (II) systemd-logind: got fd for /dev/input/event8 13:72 fd 25 paused 0
[   108.852] (**) Video Bus: always reports core events
[   108.852] (**) Option "Device" "/dev/input/event8"
[   108.856] (II) event8  - Video Bus: is tagged by udev as: Keyboard
[   108.856] (II) event8  - Video Bus: device is a keyboard
[   108.856] (II) event8  - Video Bus: device removed
[   108.856] (**) Option "config_info" "udev:/sys/devices/LNXSYSTM:00/LNXSYBUS:00/PNP0A08:00/LNXVIDEO:00/input/input9/event8"
[   108.856] (II) XINPUT: Adding extended input device "Video Bus" (type: KEYBOARD, id 6)
[   108.856] (**) Option "xkb_layout" "us"
[   108.858] (II) event8  - Video Bus: is tagged by udev as: Keyboard
[   108.858] (II) event8  - Video Bus: device is a keyboard
[   108.859] (II) config/udev: Adding input device Acer Wireless Radio Control (/dev/input/event4)
[   108.859] (**) Acer Wireless Radio Control: Applying InputClass "evdev keyboard catchall"
[   108.859] (**) Acer Wireless Radio Control: Applying InputClass "libinput keyboard catchall"
[   108.859] (**) Acer Wireless Radio Control: Applying InputClass "system-keyboard"
[   108.859] (II) Using input driver 'libinput' for 'Acer Wireless Radio Control'
[   108.862] (II) systemd-logind: got fd for /dev/input/event4 13:68 fd 28 paused 0
[   108.862] (**) Acer Wireless Radio Control: always reports core events
[   108.862] (**) Option "Device" "/dev/input/event4"
[   108.864] (II) event4  - Acer Wireless Radio Control: is tagged by udev as: Keyboard
[   108.864] (II) event4  - Acer Wireless Radio Control: device is a keyboard
[   108.865] (II) event4  - Acer Wireless Radio Control: device removed
[   108.865] (**) Option "config_info" "udev:/sys/devices/LNXSYSTM:00/LNXSYBUS:00/PNP0A08:00/device:01/10251229:00/input/input4/event4"
[   108.865] (II) XINPUT: Adding extended input device "Acer Wireless Radio Control" (type: KEYBOARD, id 7)
[   108.865] (**) Option "xkb_layout" "us"
[   108.867] (II) event4  - Acer Wireless Radio Control: is tagged by udev as: Keyboard
[   108.867] (II) event4  - Acer Wireless Radio Control: device is a keyboard
[   108.868] (II) config/udev: Adding input device Power Button (/dev/input/event0)
[   108.868] (**) Power Button: Applying InputClass "evdev keyboard catchall"
[   108.868] (**) Power Button: Applying InputClass "libinput keyboard catchall"
[   108.868] (**) Power Button: Applying InputClass "system-keyboard"
[   108.868] (II) Using input driver 'libinput' for 'Power Button'
[   108.870] (II) systemd-logind: got fd for /dev/input/event0 13:64 fd 29 paused 0
[   108.871] (**) Power Button: always reports core events
[   108.871] (**) Option "Device" "/dev/input/event0"
[   108.872] (II) event0  - Power Button: is tagged by udev as: Keyboard
[   108.872] (II) event0  - Power Button: device is a keyboard
[   108.872] (II) event0  - Power Button: device removed
[   108.872] (**) Option "config_info" "udev:/sys/devices/LNXSYSTM:00/LNXSYBUS:00/PNP0C0C:00/input/input0/event0"
[   108.872] (II) XINPUT: Adding extended input device "Power Button" (type: KEYBOARD, id 8)
[   108.872] (**) Option "xkb_layout" "us"
[   108.874] (II) event0  - Power Button: is tagged by udev as: Keyboard
[   108.874] (II) event0  - Power Button: device is a keyboard
[   108.875] (II) config/udev: Adding input device Lid Switch (/dev/input/event2)
[   108.875] (II) No input driver specified, ignoring this device.
[   108.875] (II) This device may have been added with another device file.
[   108.876] (II) config/udev: Adding input device Sleep Button (/dev/input/event1)
[   108.876] (**) Sleep Button: Applying InputClass "evdev keyboard catchall"
[   108.876] (**) Sleep Button: Applying InputClass "libinput keyboard catchall"
[   108.876] (**) Sleep Button: Applying InputClass "system-keyboard"
[   108.876] (II) Using input driver 'libinput' for 'Sleep Button'
[   108.878] (II) systemd-logind: got fd for /dev/input/event1 13:65 fd 30 paused 0
[   108.878] (**) Sleep Button: always reports core events
[   108.878] (**) Option "Device" "/dev/input/event1"
[   108.880] (II) event1  - Sleep Button: is tagged by udev as: Keyboard
[   108.880] (II) event1  - Sleep Button: device is a keyboard
[   108.880] (II) event1  - Sleep Button: device removed
[   108.881] (**) Option "config_info" "udev:/sys/devices/LNXSYSTM:00/LNXSYBUS:00/PNP0C0E:00/input/input1/event1"
[   108.881] (II) XINPUT: Adding extended input device "Sleep Button" (type: KEYBOARD, id 9)
[   108.881] (**) Option "xkb_layout" "us"
[   108.882] (II) event1  - Sleep Button: is tagged by udev as: Keyboard
[   108.882] (II) event1  - Sleep Button: device is a keyboard
[   108.884] (II) config/udev: Adding input device HDA Intel PCH Front Headphone (/dev/input/event6)
[   108.884] (II) No input driver specified, ignoring this device.
[   108.884] (II) This device may have been added with another device file.
[   108.884] (II) config/udev: Adding input device HDA Intel PCH HDMI/DP,pcm=3 (/dev/input/event7)
[   108.884] (II) No input driver specified, ignoring this device.
[   108.884] (II) This device may have been added with another device file.
[   108.885] (II) config/udev: Adding input device HDA Intel PCH HDMI/DP,pcm=7 (/dev/input/event10)
[   108.885] (II) No input driver specified, ignoring this device.
[   108.885] (II) This device may have been added with another device file.
[   108.886] (II) config/udev: Adding input device HDA Intel PCH HDMI/DP,pcm=8 (/dev/input/event11)
[   108.886] (II) No input driver specified, ignoring this device.
[   108.886] (II) This device may have been added with another device file.
[   108.886] (II) config/udev: Adding input device HDA Intel PCH HDMI/DP,pcm=9 (/dev/input/event12)
[   108.886] (II) No input driver specified, ignoring this device.
[   108.886] (II) This device may have been added with another device file.
[   108.887] (II) config/udev: Adding input device HDA Intel PCH HDMI/DP,pcm=10 (/dev/input/event13)
[   108.887] (II) No input driver specified, ignoring this device.
[   108.887] (II) This device may have been added with another device file.
[   108.888] (II) config/udev: Adding input device VGA WebCam: VGA WebCam (/dev/input/event16)
[   108.888] (**) VGA WebCam: VGA WebCam: Applying InputClass "evdev keyboard catchall"
[   108.888] (**) VGA WebCam: VGA WebCam: Applying InputClass "libinput keyboard catchall"
[   108.888] (**) VGA WebCam: VGA WebCam: Applying InputClass "system-keyboard"
[   108.888] (II) Using input driver 'libinput' for 'VGA WebCam: VGA WebCam'
[   108.890] (II) systemd-logind: got fd for /dev/input/event16 13:80 fd 31 paused 0
[   108.890] (**) VGA WebCam: VGA WebCam: always reports core events
[   108.890] (**) Option "Device" "/dev/input/event16"
[   108.892] (II) event16 - VGA WebCam: VGA WebCam: is tagged by udev as: Keyboard
[   108.893] (II) event16 - VGA WebCam: VGA WebCam: device is a keyboard
[   108.893] (II) event16 - VGA WebCam: VGA WebCam: device removed
[   108.893] (**) Option "config_info" "udev:/sys/devices/pci0000:00/0000:00:15.0/usb1/1-7/1-7:1.0/input/input20/event16"
[   108.893] (II) XINPUT: Adding extended input device "VGA WebCam: VGA WebCam" (type: KEYBOARD, id 10)
[   108.893] (**) Option "xkb_layout" "us"
[   108.895] (II) event16 - VGA WebCam: VGA WebCam: is tagged by udev as: Keyboard
[   108.895] (II) event16 - VGA WebCam: VGA WebCam: device is a keyboard
[   108.897] (II) config/udev: Adding input device SYNA7DAB:00 06CB:7DAC Mouse (/dev/input/event14)
[   108.897] (**) SYNA7DAB:00 06CB:7DAC Mouse: Applying InputClass "evdev pointer catchall"
[   108.897] (**) SYNA7DAB:00 06CB:7DAC Mouse: Applying InputClass "libinput pointer catchall"
[   108.897] (II) Using input driver 'libinput' for 'SYNA7DAB:00 06CB:7DAC Mouse'
[   108.899] (II) systemd-logind: got fd for /dev/input/event14 13:78 fd 32 paused 0
[   108.899] (**) SYNA7DAB:00 06CB:7DAC Mouse: always reports core events
[   108.899] (**) Option "Device" "/dev/input/event14"
[   108.901] (II) event14 - SYNA7DAB:00 06CB:7DAC Mouse: is tagged by udev as: Mouse Pointingstick
[   108.902] (II) event14 - SYNA7DAB:00 06CB:7DAC Mouse: device is a pointer
[   108.903] (II) event14 - SYNA7DAB:00 06CB:7DAC Mouse: device removed
[   108.903] (**) Option "config_info" "udev:/sys/devices/pci0000:00/0000:00:17.0/i2c_designware.0/i2c-0/i2c-SYNA7DAB:00/0018:06CB:7DAC.0001/input/input17/event14"
[   108.903] (II) XINPUT: Adding extended input device "SYNA7DAB:00 06CB:7DAC Mouse" (type: MOUSE, id 11)
[   108.903] (**) Option "AccelerationScheme" "none"
[   108.903] (**) SYNA7DAB:00 06CB:7DAC Mouse: (accel) selected scheme none/0
[   108.903] (**) SYNA7DAB:00 06CB:7DAC Mouse: (accel) acceleration factor: 2.000
[   108.903] (**) SYNA7DAB:00 06CB:7DAC Mouse: (accel) acceleration threshold: 4
[   108.905] (II) event14 - SYNA7DAB:00 06CB:7DAC Mouse: is tagged by udev as: Mouse Pointingstick
[   108.906] (II) event14 - SYNA7DAB:00 06CB:7DAC Mouse: device is a pointer
[   108.908] (II) config/udev: Adding input device SYNA7DAB:00 06CB:7DAC Mouse (/dev/input/mouse0)
[   108.908] (II) No input driver specified, ignoring this device.
[   108.908] (II) This device may have been added with another device file.
[   108.909] (II) config/udev: Adding input device SYNA7DAB:00 06CB:7DAC Touchpad (/dev/input/event15)
[   108.909] (**) SYNA7DAB:00 06CB:7DAC Touchpad: Applying InputClass "evdev touchpad catchall"
[   108.909] (**) SYNA7DAB:00 06CB:7DAC Touchpad: Applying InputClass "libinput touchpad catchall"
[   108.909] (II) Using input driver 'libinput' for 'SYNA7DAB:00 06CB:7DAC Touchpad'
[   108.911] (II) systemd-logind: got fd for /dev/input/event15 13:79 fd 33 paused 0
[   108.911] (**) SYNA7DAB:00 06CB:7DAC Touchpad: always reports core events
[   108.911] (**) Option "Device" "/dev/input/event15"
[   108.914] (II) event15 - SYNA7DAB:00 06CB:7DAC Touchpad: is tagged by udev as: Touchpad
[   108.917] (II) event15 - SYNA7DAB:00 06CB:7DAC Touchpad: device is a touchpad
[   108.917] (II) event15 - SYNA7DAB:00 06CB:7DAC Touchpad: device removed
[   108.918] (**) Option "config_info" "udev:/sys/devices/pci0000:00/0000:00:17.0/i2c_designware.0/i2c-0/i2c-SYNA7DAB:00/0018:06CB:7DAC.0001/input/input18/event15"
[   108.918] (II) XINPUT: Adding extended input device "SYNA7DAB:00 06CB:7DAC Touchpad" (type: TOUCHPAD, id 12)
[   108.921] (**) Option "AccelerationScheme" "none"
[   108.921] (**) SYNA7DAB:00 06CB:7DAC Touchpad: (accel) selected scheme none/0
[   108.921] (**) SYNA7DAB:00 06CB:7DAC Touchpad: (accel) acceleration factor: 2.000
[   108.921] (**) SYNA7DAB:00 06CB:7DAC Touchpad: (accel) acceleration threshold: 4
[   108.923] (II) event15 - SYNA7DAB:00 06CB:7DAC Touchpad: is tagged by udev as: Touchpad
[   108.926] (II) event15 - SYNA7DAB:00 06CB:7DAC Touchpad: device is a touchpad
[   108.927] (II) config/udev: Adding input device SYNA7DAB:00 06CB:7DAC Touchpad (/dev/input/mouse1)
[   108.928] (II) No input driver specified, ignoring this device.
[   108.928] (II) This device may have been added with another device file.
[   108.928] (II) config/udev: Adding input device AT Translated Set 2 keyboard (/dev/input/event3)
[   108.928] (**) AT Translated Set 2 keyboard: Applying InputClass "evdev keyboard catchall"
[   108.928] (**) AT Translated Set 2 keyboard: Applying InputClass "libinput keyboard catchall"
[   108.928] (**) AT Translated Set 2 keyboard: Applying InputClass "system-keyboard"
[   108.928] (II) Using input driver 'libinput' for 'AT Translated Set 2 keyboard'
[   108.930] (II) systemd-logind: got fd for /dev/input/event3 13:67 fd 34 paused 0
[   108.930] (**) AT Translated Set 2 keyboard: always reports core events
[   108.931] (**) Option "Device" "/dev/input/event3"
[   108.932] (II) event3  - AT Translated Set 2 keyboard: is tagged by udev as: Keyboard
[   108.933] (II) event3  - AT Translated Set 2 keyboard: device is a keyboard
[   108.934] (II) event3  - AT Translated Set 2 keyboard: device removed
[   108.934] (**) Option "config_info" "udev:/sys/devices/platform/i8042/serio0/input/input3/event3"
[   108.934] (II) XINPUT: Adding extended input device "AT Translated Set 2 keyboard" (type: KEYBOARD, id 13)
[   108.934] (**) Option "xkb_layout" "us"
[   108.937] (II) event3  - AT Translated Set 2 keyboard: is tagged by udev as: Keyboard
[   108.937] (II) event3  - AT Translated Set 2 keyboard: device is a keyboard
[   108.939] (II) config/udev: Adding input device PC Speaker (/dev/input/event5)
[   108.939] (II) No input driver specified, ignoring this device.
[   108.939] (II) This device may have been added with another device file.
[   108.944] (II) config/udev: Adding input device Acer WMI hotkeys (/dev/input/event9)
[   108.944] (**) Acer WMI hotkeys: Applying InputClass "evdev keyboard catchall"
[   108.944] (**) Acer WMI hotkeys: Applying InputClass "libinput keyboard catchall"
[   108.944] (**) Acer WMI hotkeys: Applying InputClass "system-keyboard"
[   108.944] (II) Using input driver 'libinput' for 'Acer WMI hotkeys'
[   108.946] (II) systemd-logind: got fd for /dev/input/event9 13:73 fd 35 paused 0
[   108.946] (**) Acer WMI hotkeys: always reports core events
[   108.946] (**) Option "Device" "/dev/input/event9"
[   108.947] (II) event9  - Acer WMI hotkeys: is tagged by udev as: Keyboard
[   108.947] (II) event9  - Acer WMI hotkeys: device is a keyboard
[   108.948] (II) event9  - Acer WMI hotkeys: device removed
[   108.948] (**) Option "config_info" "udev:/sys/devices/virtual/input/input10/event9"
[   108.948] (II) XINPUT: Adding extended input device "Acer WMI hotkeys" (type: KEYBOARD, id 14)
[   108.948] (**) Option "xkb_layout" "us"
[   108.949] (II) event9  - Acer WMI hotkeys: is tagged by udev as: Keyboard
[   108.949] (II) event9  - Acer WMI hotkeys: device is a keyboard
[   109.075] (**) Option "fd" "25"
[   109.075] (II) event8  - Video Bus: device removed
[   109.075] (**) Option "fd" "28"
[   109.075] (II) event4  - Acer Wireless Radio Control: device removed
[   109.075] (**) Option "fd" "29"
[   109.075] (II) event0  - Power Button: device removed
[   109.075] (**) Option "fd" "30"
[   109.075] (II) event1  - Sleep Button: device removed
[   109.075] (**) Option "fd" "31"
[   109.075] (II) event16 - VGA WebCam: VGA WebCam: device removed
[   109.076] (**) Option "fd" "32"
[   109.076] (II) event14 - SYNA7DAB:00 06CB:7DAC Mouse: device removed
[   109.076] (**) Option "fd" "33"
[   109.076] (II) event15 - SYNA7DAB:00 06CB:7DAC Touchpad: device removed
[   109.076] (**) Option "fd" "34"
[   109.076] (II) event3  - AT Translated Set 2 keyboard: device removed
[   109.076] (**) Option "fd" "35"
[   109.076] (II) event9  - Acer WMI hotkeys: device removed
[   109.084] (II) UnloadModule: "libinput"
[   109.084] (II) systemd-logind: releasing fd for 13:73
[   109.116] (II) UnloadModule: "libinput"
[   109.116] (II) systemd-logind: releasing fd for 13:67
[   109.143] (II) UnloadModule: "libinput"
[   109.143] (II) systemd-logind: releasing fd for 13:79
[   109.209] (II) UnloadModule: "libinput"
[   109.209] (II) systemd-logind: releasing fd for 13:78
[   109.263] (II) UnloadModule: "libinput"
[   109.263] (II) systemd-logind: releasing fd for 13:80
[   109.316] (II) UnloadModule: "libinput"
[   109.316] (II) systemd-logind: releasing fd for 13:65
[   109.343] (II) UnloadModule: "libinput"
[   109.343] (II) systemd-logind: releasing fd for 13:64
[   109.369] (II) UnloadModule: "libinput"
[   109.370] (II) systemd-logind: releasing fd for 13:68
[   109.423] (II) UnloadModule: "libinput"
[   109.423] (II) systemd-logind: releasing fd for 13:72
[   109.525] (II) Server terminated successfully (0). Closing log file.
